Unity Editor version:    2022.3.10f1 (ff3792e53c62)
Branch:                  2022.3/staging
Build type:              Release
Batch mode:              YES
macOS version:           Version 14.0 (Build 23A344)
Darwin version:          23.0.0
Architecture:            arm64
Running under Rosetta:   NO
Available memory:        8192 MB
Using pre-set license
Pro License: YES

COMMAND LINE ARGUMENTS:
/Applications/Unity/Hub/Editor/2022.3.10f1/Unity.app/Contents/MacOS/Unity
-adb2
-batchMode
-noUpm
-name
AssetImportWorker1
-projectPath
/Users/frank/Proyectos/Leyendas de Fe/Leyendas de Fe
-logFile
Logs/AssetImportWorker1.log
-srvPort
51183
Successfully changed project path to: /Users/frank/Proyectos/Leyendas de Fe/Leyendas de Fe
/Users/frank/Proyectos/Leyendas de Fe/Leyendas de Fe
[UnityMemory] Configuration Parameters - Can be set up in boot.config
    "memorysetup-bucket-allocator-granularity=16"
    "memorysetup-bucket-allocator-bucket-count=8"
    "memorysetup-bucket-allocator-block-size=33554432"
    "memorysetup-bucket-allocator-block-count=8"
    "memorysetup-main-allocator-block-size=16777216"
    "memorysetup-thread-allocator-block-size=16777216"
    "memorysetup-gfx-main-allocator-block-size=16777216"
    "memorysetup-gfx-thread-allocator-block-size=16777216"
    "memorysetup-cache-allocator-block-size=4194304"
    "memorysetup-typetree-allocator-block-size=2097152"
    "memorysetup-profiler-bucket-allocator-granularity=16"
    "memorysetup-profiler-bucket-allocator-bucket-count=8"
    "memorysetup-profiler-bucket-allocator-block-size=33554432"
    "memorysetup-profiler-bucket-allocator-block-count=8"
    "memorysetup-profiler-allocator-block-size=16777216"
    "memorysetup-profiler-editor-allocator-block-size=1048576"
    "memorysetup-temp-allocator-size-main=16777216"
    "memorysetup-job-temp-allocator-block-size=2097152"
    "memorysetup-job-temp-allocator-block-size-background=1048576"
    "memorysetup-job-temp-allocator-reduction-small-platforms=262144"
    "memorysetup-allocator-temp-initial-block-size-main=262144"
    "memorysetup-allocator-temp-initial-block-size-worker=262144"
    "memorysetup-temp-allocator-size-background-worker=32768"
    "memorysetup-temp-allocator-size-job-worker=262144"
    "memorysetup-temp-allocator-size-preload-manager=33554432"
    "memorysetup-temp-allocator-size-nav-mesh-worker=65536"
    "memorysetup-temp-allocator-size-audio-worker=65536"
    "memorysetup-temp-allocator-size-cloud-worker=32768"
    "memorysetup-temp-allocator-size-gi-baking-worker=262144"
    "memorysetup-temp-allocator-size-gfx=262144"
Player connection [8182190848] Host "[IP] 192.168.68.104 [Port] 0 [Flags] 2 [Guid] 2062330844 [EditorId] 2062330844 [Version] 1048832 [Id] OSXEditor(0,MacBook-Air-de-iFrank.local) [Debug] 1 [PackageName] OSXEditor [ProjectName] Editor" joined multi-casting on [225.0.0.222:54997]...

Player connection [8182190848] Host "[IP] 192.168.68.104 [Port] 0 [Flags] 2 [Guid] 2062330844 [EditorId] 2062330844 [Version] 1048832 [Id] OSXEditor(0,MacBook-Air-de-iFrank.local) [Debug] 1 [PackageName] OSXEditor [ProjectName] Editor" joined alternative multi-casting on [225.0.0.222:34997]...

[Physics::Module] Initialized MultithreadedJobDispatcher with 7 workers.
Refreshing native plugins compatible for Editor in 10.34 ms, found 2 plugins.
Preloading 0 native plugins for Editor in 0.00 ms.
Initialize engine version: 2022.3.10f1 (ff3792e53c62)
[Subsystems] Discovering subsystems at path /Applications/Unity/Hub/Editor/2022.3.10f1/Unity.app/Contents/Resources/UnitySubsystems
[Subsystems] Discovering subsystems at path /Users/frank/Proyectos/Leyendas de Fe/Leyendas de Fe/Assets
GfxDevice: creating device client; threaded=0; jobified=0
 preferred device: Apple M1 (high power)
Metal devices available: 1
0: Apple M1 (high power)
Using device Apple M1 (high power)
Initializing Metal device caps: Apple M1
Initialize mono
Mono path[0] = '/Applications/Unity/Hub/Editor/2022.3.10f1/Unity.app/Contents/Managed'
Mono path[1] = '/Applications/Unity/Hub/Editor/2022.3.10f1/Unity.app/Contents/MonoBleedingEdge/lib/mono/unityjit-macos'
Mono config path = '/Applications/Unity/Hub/Editor/2022.3.10f1/Unity.app/Contents/MonoBleedingEdge/etc'
Using monoOptions --debugger-agent=transport=dt_socket,embedding=1,server=y,suspend=n,address=127.0.0.1:56164
Begin MonoManager ReloadAssembly
Registering precompiled unity dll's ...
Register platform support module: /Applications/Unity/Hub/Editor/2022.3.10f1/Unity.app/Contents/PlaybackEngines/MacStandaloneSupport/UnityEditor.OSXStandalone.Extensions.dll
Register platform support module: /Applications/Unity/Hub/Editor/2022.3.10f1/PlaybackEngines/AndroidPlayer/UnityEditor.Android.Extensions.dll
Register platform support module: /Applications/Unity/Hub/Editor/2022.3.10f1/PlaybackEngines/iOSSupport/UnityEditor.iOS.Extensions.dll
Registered in 0.004403 seconds.
- Loaded All Assemblies, in  0.279 seconds
[usbmuxd] Start listen thread
[usbmuxd] Listen thread started
[usbmuxd] Send listen message
Native extension for iOS target not found
Native extension for Android target not found
Android Extension - Scanning For ADB Devices 225 ms
Native extension for OSXStandalone target not found
Mono: successfully reloaded assembly
- Finished resetting the current domain, in  0.499 seconds
Domain Reload Profiling: 779ms
	BeginReloadAssembly (92ms)
		ExecutionOrderSort (0ms)
		DisableScriptedObjects (0ms)
		BackupInstance (0ms)
		ReleaseScriptingObjects (0ms)
		CreateAndSetChildDomain (1ms)
	RebuildCommonClasses (25ms)
	RebuildNativeTypeToScriptingClass (8ms)
	initialDomainReloadingComplete (40ms)
	LoadAllAssembliesAndSetupDomain (115ms)
		LoadAssemblies (92ms)
		RebuildTransferFunctionScriptingTraits (0ms)
		AnalyzeDomain (112ms)
			TypeCache.Refresh (111ms)
				TypeCache.ScanAssembly (98ms)
			ScanForSourceGeneratedMonoScriptInfo (0ms)
			ResolveRequiredComponents (0ms)
	FinalizeReload (500ms)
		ReleaseScriptCaches (0ms)
		RebuildScriptCaches (0ms)
		SetupLoadedEditorAssemblies (462ms)
			LogAssemblyErrors (0ms)
			InitializePlatformSupportModulesInManaged (368ms)
			SetLoadedEditorAssemblies (3ms)
			RefreshPlugins (0ms)
			BeforeProcessingInitializeOnLoad (2ms)
			ProcessInitializeOnLoadAttributes (60ms)
			ProcessInitializeOnLoadMethodAttributes (29ms)
			AfterProcessingInitializeOnLoad (0ms)
			EditorAssembliesLoaded (0ms)
		ExecutionOrderSort2 (0ms)
		AwakeInstancesAfterBackupRestoration (0ms)
========================================================================
Worker process is ready to serve import requests
Begin MonoManager ReloadAssembly
- Loaded All Assemblies, in  0.450 seconds
Refreshing native plugins compatible for Editor in 0.82 ms, found 2 plugins.
Native extension for iOS target not found
Native extension for Android target not found
Native extension for OSXStandalone target not found
Package Manager log level set to [2]
[Package Manager] Server::EnsureServerProcessIsRunning -- launch failed, reason: Unity was launched with the -noUpm command-line argument
[Package Manager] UpmClient::Send -- Unable to send message (not connected to UPM process).
[Package Manager] Cannot connect to Unity Package Manager local server
Mono: successfully reloaded assembly
- Finished resetting the current domain, in  0.373 seconds
Domain Reload Profiling: 825ms
	BeginReloadAssembly (83ms)
		ExecutionOrderSort (0ms)
		DisableScriptedObjects (3ms)
		BackupInstance (0ms)
		ReleaseScriptingObjects (0ms)
		CreateAndSetChildDomain (21ms)
	RebuildCommonClasses (24ms)
	RebuildNativeTypeToScriptingClass (8ms)
	initialDomainReloadingComplete (24ms)
	LoadAllAssembliesAndSetupDomain (312ms)
		LoadAssemblies (209ms)
		RebuildTransferFunctionScriptingTraits (0ms)
		AnalyzeDomain (139ms)
			TypeCache.Refresh (129ms)
				TypeCache.ScanAssembly (113ms)
			ScanForSourceGeneratedMonoScriptInfo (7ms)
			ResolveRequiredComponents (3ms)
	FinalizeReload (374ms)
		ReleaseScriptCaches (0ms)
		RebuildScriptCaches (0ms)
		SetupLoadedEditorAssemblies (254ms)
			LogAssemblyErrors (0ms)
			InitializePlatformSupportModulesInManaged (23ms)
			SetLoadedEditorAssemblies (3ms)
			RefreshPlugins (0ms)
			BeforeProcessingInitializeOnLoad (34ms)
			ProcessInitializeOnLoadAttributes (182ms)
			ProcessInitializeOnLoadMethodAttributes (11ms)
			AfterProcessingInitializeOnLoad (1ms)
			EditorAssembliesLoaded (0ms)
		ExecutionOrderSort2 (0ms)
		AwakeInstancesAfterBackupRestoration (2ms)
Launching external process: /Applications/Unity/Hub/Editor/2022.3.10f1/Unity.app/Contents/Tools/UnityShaderCompiler
Launched and connected shader compiler UnityShaderCompiler after 0.07 seconds
Refreshing native plugins compatible for Editor in 0.75 ms, found 2 plugins.
Preloading 0 native plugins for Editor in 0.00 ms.
Unloading 3070 Unused Serialized files (Serialized files now loaded: 0)
Unloading 31 unused Assets / (50.5 KB). Loaded Objects now: 3535.
Memory consumption went from 123.2 MB to 123.1 MB.
Total: 2.675166 ms (FindLiveObjects: 0.121250 ms CreateObjectMapping: 0.039292 ms MarkObjects: 2.420542 ms  DeleteObjects: 0.093166 ms)

AssetImportParameters requested are different than current active one (requested -> active):
  custom:container-demuxer-ogg: 62fdf1f143b41e24485cea50d1cbac27 -> 
  custom:video-decoder-ogg-theora: a1e56fd34408186e4bbccfd4996cb3dc -> 
  custom:CustomObjectIndexerAttribute: 756ad292c208cfabdd7b50bc23989ffe -> 
  custom:container-demuxer-webm: 4f35f7cbe854078d1ac9338744f61a02 -> 
  custom:container-muxer-webm: aa71ff27fc2769a1b78a27578f13a17b -> 
  custom:video-decoder-webm-vp8: 9c59270c3fd7afecdb556c50c9e8de78 -> 
  custom:SearchIndexIgnoredProperties: e643bd26f0fe6173181afceb89e7c659 -> 
  custom:AudioImporter_EditorPlatform: 3918e3fc78b5a79bad01e8451be0beb8 -> 
  custom:framework-osx-AVFoundation: e770b220cccbd017edd2c1fefb359320 -> 
  custom:video-encoder-webm-vp8: eb34c28f22e8b96e1ab97ce403110664 -> 
  custom:audio-decoder-ogg-vorbis: bf7c407c2cedff20999df2af8eb42d56 -> 
  custom:audio-encoder-webm-vorbis: bf7c407c2cedff20999df2af8eb42d56 -> 
========================================================================
Received Import Request.
  Time since last request: 227831.715968 seconds.
  path: Assets/texturas playground/grids
  artifactKey: Guid(d07d5daa08f6b481ab6602637d6f139f) Importer(815301076,1909f56bfc062723c751e8b465ee728b)
Start importing Assets/texturas playground/grids using Guid(d07d5daa08f6b481ab6602637d6f139f) Importer(815301076,1909f56bfc062723c751e8b465ee728b)  -> (artifact id: 'c97a6dfbf775c670a7458ce014db6f85') in 0.001307 seconds
Number of updated asset objects reloaded before import = 0
Number of asset objects unloaded after import = 0
========================================================================
Received Import Request.
  Time since last request: 0.000087 seconds.
  path: Assets/texturas playground
  artifactKey: Guid(1ea569607ae64418a8be8125cadcef60) Importer(815301076,1909f56bfc062723c751e8b465ee728b)
Start importing Assets/texturas playground using Guid(1ea569607ae64418a8be8125cadcef60) Importer(815301076,1909f56bfc062723c751e8b465ee728b)  -> (artifact id: '3e877ccdb0f8f65a87b1a2e55f75b8a4') in 0.000166 seconds
Number of updated asset objects reloaded before import = 0
Number of asset objects unloaded after import = 0
========================================================================
Received Import Request.
  Time since last request: 13.130507 seconds.
  path: Assets/texturas playground/grids/Green/texture_02.png
  artifactKey: Guid(0375bdf478f614d01a769eaef82bb5c1) Importer(815301076,1909f56bfc062723c751e8b465ee728b)
Start importing Assets/texturas playground/grids/Green/texture_02.png using Guid(0375bdf478f614d01a769eaef82bb5c1) Importer(815301076,1909f56bfc062723c751e8b465ee728b)  -> (artifact id: '5efd88e97416c30cce05e82c1ac8d586') in 0.091721 seconds
Number of updated asset objects reloaded before import = 0
Number of asset objects unloaded after import = 2
========================================================================
Received Import Request.
  Time since last request: 0.000044 seconds.
  path: Assets/texturas playground/grids/Green/texture_03.png
  artifactKey: Guid(1bb3bc3cce278419890983efe4476fdc) Importer(815301076,1909f56bfc062723c751e8b465ee728b)
Start importing Assets/texturas playground/grids/Green/texture_03.png using Guid(1bb3bc3cce278419890983efe4476fdc) Importer(815301076,1909f56bfc062723c751e8b465ee728b)  -> (artifact id: 'ea3db7cd0375c9efbcd9a3d907e6d34d') in 0.008683 seconds
Number of updated asset objects reloaded before import = 0
Number of asset objects unloaded after import = 2
========================================================================
Received Import Request.
  Time since last request: 0.000114 seconds.
  path: Assets/texturas playground/grids/Green/texture_13.png
  artifactKey: Guid(43d1c9ca24be24bab925173c7acbc640) Importer(815301076,1909f56bfc062723c751e8b465ee728b)
Start importing Assets/texturas playground/grids/Green/texture_13.png using Guid(43d1c9ca24be24bab925173c7acbc640) Importer(815301076,1909f56bfc062723c751e8b465ee728b)  -> (artifact id: '434a75edd0d7b7717d42176fdcc5eaf2') in 0.006249 seconds
Number of updated asset objects reloaded before import = 0
Number of asset objects unloaded after import = 2
========================================================================
Received Import Request.
  Time since last request: 3.182083 seconds.
  path: Assets/texturas playground/grids/Dark/texture_02.png
  artifactKey: Guid(6d610aff573f748d08c756ed6e9ca869) Importer(815301076,1909f56bfc062723c751e8b465ee728b)
Start importing Assets/texturas playground/grids/Dark/texture_02.png using Guid(6d610aff573f748d08c756ed6e9ca869) Importer(815301076,1909f56bfc062723c751e8b465ee728b)  -> (artifact id: 'bd8b1de87e6917de9c372e402c0db451') in 0.006555 seconds
Number of updated asset objects reloaded before import = 0
Number of asset objects unloaded after import = 2
========================================================================
Received Import Request.
  Time since last request: 0.000046 seconds.
  path: Assets/texturas playground/grids/Dark/texture_06.png
  artifactKey: Guid(a7b37eda402a54d0b96aac68c78ed5aa) Importer(815301076,1909f56bfc062723c751e8b465ee728b)
Start importing Assets/texturas playground/grids/Dark/texture_06.png using Guid(a7b37eda402a54d0b96aac68c78ed5aa) Importer(815301076,1909f56bfc062723c751e8b465ee728b)  -> (artifact id: '9967c0ff347d1b67cfcf88ca09bb60ef') in 0.005070 seconds
Number of updated asset objects reloaded before import = 0
Number of asset objects unloaded after import = 2
========================================================================
Received Import Request.
  Time since last request: 0.000047 seconds.
  path: Assets/texturas playground/grids/Dark/texture_07.png
  artifactKey: Guid(c5748e1601cad4ce09f8be66865d21ba) Importer(815301076,1909f56bfc062723c751e8b465ee728b)
Start importing Assets/texturas playground/grids/Dark/texture_07.png using Guid(c5748e1601cad4ce09f8be66865d21ba) Importer(815301076,1909f56bfc062723c751e8b465ee728b)  -> (artifact id: 'ce25bcb3fc3a23f2483e3403898ceee6') in 0.004749 seconds
Number of updated asset objects reloaded before import = 0
Number of asset objects unloaded after import = 2
========================================================================
Received Import Request.
  Time since last request: 0.000073 seconds.
  path: Assets/texturas playground/grids/Dark/texture_05.png
  artifactKey: Guid(5c781d0c5323f4ffc9cfbbf12a984d97) Importer(815301076,1909f56bfc062723c751e8b465ee728b)
Start importing Assets/texturas playground/grids/Dark/texture_05.png using Guid(5c781d0c5323f4ffc9cfbbf12a984d97) Importer(815301076,1909f56bfc062723c751e8b465ee728b)  -> (artifact id: 'bda4c5c69bc1e5a2ce5e9eed79ebc3ee') in 0.006127 seconds
Number of updated asset objects reloaded before import = 0
Number of asset objects unloaded after import = 2
========================================================================
Received Import Request.
  Time since last request: 0.000032 seconds.
  path: Assets/texturas playground/grids/Dark/texture_09.png
  artifactKey: Guid(fd1ba390ab8274325b2facc10e5aeb27) Importer(815301076,1909f56bfc062723c751e8b465ee728b)
Start importing Assets/texturas playground/grids/Dark/texture_09.png using Guid(fd1ba390ab8274325b2facc10e5aeb27) Importer(815301076,1909f56bfc062723c751e8b465ee728b)  -> (artifact id: '80d769a83bdc107b7deafe2e59b7599a') in 0.003987 seconds
Number of updated asset objects reloaded before import = 0
Number of asset objects unloaded after import = 2
========================================================================
Received Import Request.
  Time since last request: 0.000122 seconds.
  path: Assets/texturas playground/grids/Dark/texture_08.png
  artifactKey: Guid(051cb8bab03f1410a97732975896c95c) Importer(815301076,1909f56bfc062723c751e8b465ee728b)
Start importing Assets/texturas playground/grids/Dark/texture_08.png using Guid(051cb8bab03f1410a97732975896c95c) Importer(815301076,1909f56bfc062723c751e8b465ee728b)  -> (artifact id: 'b4cd3d6f1577840abe884d614f1787c6') in 0.004460 seconds
Number of updated asset objects reloaded before import = 0
Number of asset objects unloaded after import = 2
========================================================================
Received Import Request.
  Time since last request: 0.000162 seconds.
  path: Assets/texturas playground/grids/Dark/texture_04.png
  artifactKey: Guid(c7c76490909ca413286c5d6fe14362ae) Importer(815301076,1909f56bfc062723c751e8b465ee728b)
Start importing Assets/texturas playground/grids/Dark/texture_04.png using Guid(c7c76490909ca413286c5d6fe14362ae) Importer(815301076,1909f56bfc062723c751e8b465ee728b)  -> (artifact id: 'c5888499fad804388b794d186cc76d71') in 0.005422 seconds
Number of updated asset objects reloaded before import = 0
Number of asset objects unloaded after import = 2
